Unity Editor version:    2021.3.16f1 (4016570cf34f)
Branch:                  2021.3/staging
Build type:              Release
Batch mode:              YES
System name:             Linux
Distro version:          #64-Ubuntu SMP Thu Jan 5 11:43:13 UTC 2023
Kernel version:          5.15.0-58-generic
Architecture:            x86_64
Available memory:        15792 MB
Using pre-set license
Pro License: YES
Desktop is 1366 x 768 @ 60 Hz
Initialize udev device monitor.

COMMAND LINE ARGUMENTS:
Unity
-adb2
-batchMode
-noUpm
-name
AssetImportWorker0
-projectPath
/home/mau/New project
-logFile
Logs/AssetImportWorker0.log
-srvPort
46069
Successfully changed project path to: /home/mau/New project
/home/mau/New project
[UnityMemory] Configuration Parameters - Can be set up in boot.config
    "memorysetup-bucket-allocator-granularity=16"
    "memorysetup-bucket-allocator-bucket-count=8"
    "memorysetup-bucket-allocator-block-size=33554432"
    "memorysetup-bucket-allocator-block-count=8"
    "memorysetup-main-allocator-block-size=16777216"
    "memorysetup-thread-allocator-block-size=16777216"
    "memorysetup-gfx-main-allocator-block-size=16777216"
    "memorysetup-gfx-thread-allocator-block-size=16777216"
    "memorysetup-cache-allocator-block-size=4194304"
    "memorysetup-typetree-allocator-block-size=2097152"
    "memorysetup-profiler-bucket-allocator-granularity=16"
    "memorysetup-profiler-bucket-allocator-bucket-count=8"
    "memorysetup-profiler-bucket-allocator-block-size=33554432"
    "memorysetup-profiler-bucket-allocator-block-count=8"
    "memorysetup-profiler-allocator-block-size=16777216"
    "memorysetup-profiler-editor-allocator-block-size=1048576"
    "memorysetup-temp-allocator-size-main=16777216"
    "memorysetup-job-temp-allocator-block-size=2097152"
    "memorysetup-job-temp-allocator-block-size-background=1048576"
    "memorysetup-job-temp-allocator-reduction-small-platforms=262144"
    "memorysetup-temp-allocator-size-background-worker=32768"
    "memorysetup-temp-allocator-size-job-worker=262144"
    "memorysetup-temp-allocator-size-preload-manager=33554432"
    "memorysetup-temp-allocator-size-nav-mesh-worker=65536"
    "memorysetup-temp-allocator-size-audio-worker=65536"
    "memorysetup-temp-allocator-size-cloud-worker=32768"
    "memorysetup-temp-allocator-size-gi-baking-worker=262144"
    "memorysetup-temp-allocator-size-gfx=262144"
Player connection [140077219521408] Host "[IP] 192.168.1.70 [Port] 0 [Flags] 2 [Guid] 2160320247 [EditorId] 2160320247 [Version] 1048832 [Id] LinuxEditor(16,192.168.1.70) [Debug] 1 [PackageName] LinuxEditor [ProjectName] Editor" joined multi-casting on [225.0.0.222:54997]...

Player connection [140077219521408] Host "[IP] 192.168.1.70 [Port] 0 [Flags] 2 [Guid] 2160320247 [EditorId] 2160320247 [Version] 1048832 [Id] LinuxEditor(16,192.168.1.70) [Debug] 1 [PackageName] LinuxEditor [ProjectName] Editor" joined alternative multi-casting on [225.0.0.222:34997]...

Refreshing native plugins compatible for Editor in 177.96 ms, found 0 plugins.
Preloading 0 native plugins for Editor in 0.00 ms.
Initialize engine version: 2021.3.16f1 (4016570cf34f)
[Subsystems] Discovering subsystems at path /home/mau/Unity/Hub/Editor/2021.3.16f1/Editor/Data/Resources/UnitySubsystems
[Subsystems] Discovering subsystems at path /home/mau/New project/Assets
GLX Extensions: GLX_ARB_context_flush_control GLX_ARB_create_context GLX_ARB_create_context_no_error GLX_ARB_create_context_profile GLX_ARB_create_context_robustness GLX_ARB_fbconfig_float GLX_ARB_framebuffer_sRGB GLX_ARB_get_proc_address GLX_ARB_multisample GLX_EXT_buffer_age GLX_EXT_create_context_es2_profile GLX_EXT_create_context_es_profile GLX_EXT_fbconfig_packed_float GLX_EXT_framebuffer_sRGB GLX_EXT_no_config_context GLX_EXT_swap_control GLX_EXT_swap_control_tear GLX_EXT_texture_from_pixmap GLX_EXT_visual_info GLX_EXT_visual_rating GLX_INTEL_swap_event GLX_MESA_copy_sub_buffer GLX_MESA_query_renderer GLX_MESA_swap_control GLX_OML_swap_method GLX_OML_sync_control GLX_SGIS_multisample GLX_SGIX_fbconfig GLX_SGIX_pbuffer GLX_SGIX_visual_select_group GLX_SGI_make_current_read GLX_SGI_swap_control GLX_SGI_video_sync 
Renderer: Mesa Intel(R) HD Graphics 520 (SKL GT2)
Vendor:   Intel
Version:  4.6 (Core Profile) Mesa 22.2.5
GLES:     0
 GL_3DFX_texture_compression_FXT1 GL_AMD_conservative_depth GL_AMD_depth_clamp_separate GL_AMD_draw_buffers_blend GL_AMD_gpu_shader_int64 GL_AMD_multi_draw_indirect GL_AMD_performance_monitor GL_AMD_pinned_memory GL_AMD_query_buffer_object GL_AMD_seamless_cubemap_per_texture GL_AMD_shader_stencil_export GL_AMD_shader_trinary_minmax GL_AMD_texture_texture4 GL_AMD_vertex_shader_layer GL_AMD_vertex_shader_viewport_index GL_ANGLE_texture_compression_dxt3 GL_ANGLE_texture_compression_dxt5 GL_ARB_ES2_compatibility GL_ARB_ES3_1_compatibility GL_ARB_ES3_2_compatibility GL_ARB_ES3_compatibility GL_ARB_arrays_of_arrays GL_ARB_base_instance GL_ARB_blend_func_extended GL_ARB_buffer_storage GL_ARB_clear_buffer_object GL_ARB_clear_texture GL_ARB_clip_control GL_ARB_compressed_texture_pixel_storage GL_ARB_compute_shader GL_ARB_compute_variable_group_size GL_ARB_conditional_render_inverted GL_ARB_conservative_depth GL_ARB_copy_buffer GL_ARB_copy_image GL_ARB_cull_distance GL_ARB_debug_output GL_ARB_depth_buffer_float GL_ARB
_depth_clamp GL_ARB_derivative_control GL_ARB_direct_state_access GL_ARB_draw_buffers GL_ARB_draw_buffers_blend GL_ARB_draw_elements_base_vertex GL_ARB_draw_indirect GL_ARB_draw_instanced GL_ARB_enhanced_layouts GL_ARB_explicit_attrib_location GL_ARB_explicit_uniform_location GL_ARB_fragment_coord_conventions GL_ARB_fragment_layer_viewport GL_ARB_fragment_shader GL_ARB_fragment_shader_interlock GL_ARB_framebuffer_no_attachments GL_ARB_framebuffer_object GL_ARB_framebuffer_sRGB GL_ARB_get_program_binary GL_ARB_get_texture_sub_image GL_ARB_gl_spirv GL_ARB_gpu_shader5 GL_ARB_gpu_shader_fp64 GL_ARB_gpu_shader_int64 GL_ARB_half_float_pixel GL_ARB_half_float_vertex GL_ARB_indirect_parameters GL_ARB_instanced_arrays GL_ARB_internalformat_query GL_ARB_internalformat_query2 GL_ARB_invalidate_subdata GL_ARB_map_buffer_alignment GL_ARB_map_buffer_range GL_ARB_multi_bind GL_ARB_multi_draw_indirect GL_ARB_occlusion_query2 GL_ARB_parallel_shader_compile GL_ARB_pipeline_statistics_query GL_ARB_pixel_buffer_object GL_ARB_po
int_sprite GL_ARB_polygon_offset_clamp GL_ARB_post_depth_coverage GL_ARB_program_interface_query GL_ARB_provoking_vertex GL_ARB_query_buffer_object GL_ARB_robust_buffer_access_behavior GL_ARB_robustness GL_ARB_sample_shading GL_ARB_sampler_objects GL_ARB_seamless_cube_map GL_ARB_seamless_cubemap_per_texture GL_ARB_separate_shader_objects GL_ARB_shader_atomic_counter_ops GL_ARB_shader_atomic_counters GL_ARB_shader_ballot GL_ARB_shader_bit_encoding GL_ARB_shader_clock GL_ARB_shader_draw_parameters GL_ARB_shader_group_vote GL_ARB_shader_image_load_store GL_ARB_shader_image_size GL_ARB_shader_objects GL_ARB_shader_precision GL_ARB_shader_stencil_export GL_ARB_shader_storage_buffer_object GL_ARB_shader_subroutine GL_ARB_shader_texture_image_samples GL_ARB_shader_texture_lod GL_ARB_shader_viewport_layer_array GL_ARB_shading_language_420pack GL_ARB_shading_language_include GL_ARB_shading_language_packing GL_ARB_spirv_extensions GL_ARB_stencil_texturing GL_ARB_sync GL_ARB_tessellation_shader GL_ARB_texture_barrier G
L_ARB_texture_buffer_object GL_ARB_texture_buffer_object_rgb32 GL_ARB_texture_buffer_range GL_ARB_texture_compression_bptc GL_ARB_texture_compression_rgtc GL_ARB_texture_cube_map_array GL_ARB_texture_filter_anisotropic GL_ARB_texture_float GL_ARB_texture_gather GL_ARB_texture_mirror_clamp_to_edge GL_ARB_texture_multisample GL_ARB_texture_non_power_of_two GL_ARB_texture_query_levels GL_ARB_texture_query_lod GL_ARB_texture_rectangle GL_ARB_texture_rg GL_ARB_texture_rgb10_a2ui GL_ARB_texture_stencil8 GL_ARB_texture_storage GL_ARB_texture_storage_multisample GL_ARB_texture_swizzle GL_ARB_texture_view GL_ARB_timer_query GL_ARB_transform_feedback2 GL_ARB_transform_feedback3 GL_ARB_transform_feedback_instanced GL_ARB_transform_feedback_overflow_query GL_ARB_uniform_buffer_object GL_ARB_vertex_array_bgra GL_ARB_vertex_array_object GL_ARB_vertex_attrib_64bit GL_ARB_vertex_attrib_binding GL_ARB_vertex_buffer_object GL_ARB_vertex_shader GL_ARB_vertex_type_10f_11f_11f_rev GL_ARB_vertex_type_2_10_10_10_rev GL_ARB_viewpor
t_array GL_ATI_blend_equation_separate GL_ATI_texture_float GL_EXT_EGL_image_storage GL_EXT_EGL_sync GL_EXT_abgr GL_EXT_blend_equation_separate GL_EXT_demote_to_helper_invocation GL_EXT_draw_buffers2 GL_EXT_draw_instanced GL_EXT_framebuffer_blit GL_EXT_framebuffer_multisample GL_EXT_framebuffer_multisample_blit_scaled GL_EXT_framebuffer_object GL_EXT_framebuffer_sRGB GL_EXT_memory_object GL_EXT_memory_object_fd GL_EXT_packed_depth_stencil GL_EXT_packed_float GL_EXT_pixel_buffer_object GL_EXT_polygon_offset_clamp GL_EXT_provoking_vertex GL_EXT_semaphore GL_EXT_semaphore_fd GL_EXT_shader_framebuffer_fetch GL_EXT_shader_framebuffer_fetch_non_coherent GL_EXT_shader_integer_mix GL_EXT_shader_samples_identical GL_EXT_texture_array GL_EXT_texture_compression_dxt1 GL_EXT_texture_compression_rgtc GL_EXT_texture_compression_s3tc GL_EXT_texture_filter_anisotropic GL_EXT_texture_integer GL_EXT_texture_sRGB GL_EXT_texture_sRGB_R8 GL_EXT_texture_sRGB_decode GL_EXT_texture_shadow_lod GL_EXT_texture_shared_exponent GL_EXT_t
exture_snorm GL_EXT_texture_swizzle GL_EXT_timer_query GL_EXT_transform_feedback GL_EXT_vertex_array_bgra GL_EXT_vertex_attrib_64bit GL_IBM_multimode_draw_arrays GL_INTEL_blackhole_render GL_INTEL_conservative_rasterization GL_INTEL_performance_query GL_INTEL_shader_atomic_float_minmax GL_INTEL_shader_integer_functions2 GL_KHR_blend_equation_advanced GL_KHR_blend_equation_advanced_coherent GL_KHR_context_flush_control GL_KHR_debug GL_KHR_no_error GL_KHR_parallel_shader_compile GL_KHR_robust_buffer_access_behavior GL_KHR_robustness GL_KHR_texture_compression_astc_ldr GL_KHR_texture_compression_astc_sliced_3d GL_MESA_framebuffer_flip_y GL_MESA_pack_invert GL_MESA_shader_integer_functions GL_MESA_texture_signed_rgba GL_NV_compute_shader_derivatives GL_NV_conditional_render GL_NV_copy_image GL_NV_depth_clamp GL_NV_fragment_shader_interlock GL_NV_packed_depth_stencil GL_NV_texture_barrier GL_OES_EGL_image GL_S3_s3tc
OPENGL LOG: Creating OpenGL 4.6 graphics device ; Context level  <OpenGL 4.5> ; Context handle -1915199440
Initialize mono
Mono path[0] = '/home/mau/Unity/Hub/Editor/2021.3.16f1/Editor/Data/Managed'
Mono path[1] = '/home/mau/Unity/Hub/Editor/2021.3.16f1/Editor/Data/MonoBleedingEdge/lib/mono/unityjit-linux'
Mono config path = '/home/mau/Unity/Hub/Editor/2021.3.16f1/Editor/Data/MonoBleedingEdge/etc'
Using monoOptions --debugger-agent=transport=dt_socket,embedding=1,server=y,suspend=n,address=127.0.0.1:56314
Begin MonoManager ReloadAssembly
Registering precompiled unity dll's ...
Register platform support module: /home/mau/Unity/Hub/Editor/2021.3.16f1/Editor/Data/PlaybackEngines/WebGLSupport/UnityEditor.WebGL.Extensions.dll
Register platform support module: /home/mau/Unity/Hub/Editor/2021.3.16f1/Editor/Data/PlaybackEngines/AndroidPlayer/UnityEditor.Android.Extensions.dll
Register platform support module: /home/mau/Unity/Hub/Editor/2021.3.16f1/Editor/Data/PlaybackEngines/LinuxStandaloneSupport/UnityEditor.LinuxStandalone.Extensions.dll
Registered in 0.027731 seconds.
Native extension for LinuxStandalone target not found
Native extension for Android target not found
Native extension for WebGL target not found
Refreshing native plugins compatible for Editor in 227.09 ms, found 0 plugins.
Preloading 0 native plugins for Editor in 0.00 ms.
Mono: successfully reloaded assembly
- Completed reload, in  1.658 seconds
Domain Reload Profiling:
	ReloadAssembly (1659ms)
		BeginReloadAssembly (148ms)
			ExecutionOrderSort (0ms)
			DisableScriptedObjects (0ms)
			BackupInstance (0ms)
			ReleaseScriptingObjects (0ms)
			CreateAndSetChildDomain (2ms)
		EndReloadAssembly (1155ms)
			LoadAssemblies (144ms)
			RebuildTransferFunctionScriptingTraits (0ms)
			SetupTypeCache (285ms)
			ReleaseScriptCaches (0ms)
			RebuildScriptCaches (64ms)
			SetupLoadedEditorAssemblies (694ms)
				LogAssemblyErrors (0ms)
				InitializePlatformSupportModulesInManaged (116ms)
				SetLoadedEditorAssemblies (1ms)
				RefreshPlugins (227ms)
				BeforeProcessingInitializeOnLoad (2ms)
				ProcessInitializeOnLoadAttributes (247ms)
				ProcessInitializeOnLoadMethodAttributes (100ms)
				AfterProcessingInitializeOnLoad (0ms)
				EditorAssembliesLoaded (0ms)
			ExecutionOrderSort2 (0ms)
			AwakeInstancesAfterBackupRestoration (0ms)
Platform modules already initialized, skipping
Registering precompiled user dll's ...
Registered in 0.015477 seconds.
Android Extension - Scanning For ADB Devices 886 ms
Begin MonoManager ReloadAssembly
Symbol file LoadedFromMemory doesn't match image /home/mau/New project/Library/PackageCache/com.unity.visualscripting@1.7.8/Editor/VisualScripting.Core/Dependencies/YamlDotNet/Unity.VisualScripting.YamlDotNet.dll
Symbol file LoadedFromMemory doesn't match image /home/mau/New project/Library/PackageCache/com.unity.visualscripting@1.7.8/Editor/VisualScripting.Core/Dependencies/DotNetZip/Unity.VisualScripting.IonicZip.dll
Native extension for LinuxStandalone target not found
Native extension for Android target not found
Native extension for WebGL target not found
Refreshing native plugins compatible for Editor in 1.53 ms, found 0 plugins.
Preloading 0 native plugins for Editor in 0.00 ms.
Package Manager log level set to [2]
Mono: successfully reloaded assembly
- Completed reload, in  2.343 seconds
Domain Reload Profiling:
	ReloadAssembly (2345ms)
		BeginReloadAssembly (204ms)
			ExecutionOrderSort (0ms)
			DisableScriptedObjects (13ms)
			BackupInstance (0ms)
			ReleaseScriptingObjects (0ms)
			CreateAndSetChildDomain (50ms)
		EndReloadAssembly (1900ms)
			LoadAssemblies (137ms)
			RebuildTransferFunctionScriptingTraits (0ms)
			SetupTypeCache (669ms)
			ReleaseScriptCaches (2ms)
			RebuildScriptCaches (130ms)
			SetupLoadedEditorAssemblies (846ms)
				LogAssemblyErrors (0ms)
				InitializePlatformSupportModulesInManaged (50ms)
				SetLoadedEditorAssemblies (1ms)
				RefreshPlugins (2ms)
				BeforeProcessingInitializeOnLoad (244ms)
				ProcessInitializeOnLoadAttributes (485ms)
				ProcessInitializeOnLoadMethodAttributes (45ms)
				AfterProcessingInitializeOnLoad (18ms)
				EditorAssembliesLoaded (0ms)
			ExecutionOrderSort2 (0ms)
			AwakeInstancesAfterBackupRestoration (9ms)
Platform modules already initialized, skipping
========================================================================
Worker process is ready to serve import requests
Launched and connected shader compiler UnityShaderCompiler after 0.02 seconds
Refreshing native plugins compatible for Editor in 0.85 ms, found 0 plugins.
Preloading 0 native plugins for Editor in 0.00 ms.
Unloading 3726 Unused Serialized files (Serialized files now loaded: 0)
Unloading 28 unused Assets / (74.9 KB). Loaded Objects now: 4187.
Memory consumption went from 121.7 MB to 121.6 MB.
Total: 9.682318 ms (FindLiveObjects: 0.488886 ms CreateObjectMapping: 0.467851 ms MarkObjects: 8.266121 ms  DeleteObjects: 0.456996 ms)

AssetImportParameters requested are different than current active one (requested -> active):
  custom:video-decoder-ogg-theora: a1e56fd34408186e4bbccfd4996cb3dc -> 
  custom:container-muxer-webm: aa71ff27fc2769a1b78a27578f13a17b -> 
  custom:container-demuxer-webm: 4f35f7cbe854078d1ac9338744f61a02 -> 
  custom:video-encoder-webm-vp8: eb34c28f22e8b96e1ab97ce403110664 -> 
  custom:audio-encoder-webm-vorbis: bf7c407c2cedff20999df2af8eb42d56 -> 
  custom:container-demuxer-ogg: 62fdf1f143b41e24485cea50d1cbac27 -> 
  custom:video-decoder-webm-vp8: 9c59270c3fd7afecdb556c50c9e8de78 -> 
  custom:audio-decoder-ogg-vorbis: bf7c407c2cedff20999df2af8eb42d56 -> 
========================================================================
Received Import Request.
  Time since last request: 737.677246 seconds.
  path: Assets/ReferenceImageLibrary.asset
  artifactKey: Guid(4ce8d14fce732f2da90a6fa6a9c34c38) Importer(815301076,1909f56bfc062723c751e8b465ee728b)
Start importing Assets/ReferenceImageLibrary.asset using Guid(4ce8d14fce732f2da90a6fa6a9c34c38) Importer(815301076,1909f56bfc062723c751e8b465ee728b)  -> (artifact id: '3ec429547ab874150932e82806579893') in 0.070594 seconds 
========================================================================
Received Prepare
Refreshing native plugins compatible for Editor in 6.37 ms, found 0 plugins.
Preloading 0 native plugins for Editor in 0.00 ms.
Unloading 20 Unused Serialized files (Serialized files now loaded: 0)
Unloading 20 unused Assets / (57.9 KB). Loaded Objects now: 4188.
Memory consumption went from 46.7 MB to 46.7 MB.
Total: 5.991502 ms (FindLiveObjects: 0.396131 ms CreateObjectMapping: 0.347177 ms MarkObjects: 5.142403 ms  DeleteObjects: 0.103964 ms)

AssetImportParameters requested are different than current active one (requested -> active):
  custom:video-decoder-ogg-theora: a1e56fd34408186e4bbccfd4996cb3dc -> 
  custom:container-muxer-webm: aa71ff27fc2769a1b78a27578f13a17b -> 
  custom:container-demuxer-webm: 4f35f7cbe854078d1ac9338744f61a02 -> 
  custom:video-encoder-webm-vp8: eb34c28f22e8b96e1ab97ce403110664 -> 
  custom:audio-encoder-webm-vorbis: bf7c407c2cedff20999df2af8eb42d56 -> 
  custom:container-demuxer-ogg: 62fdf1f143b41e24485cea50d1cbac27 -> 
  custom:video-decoder-webm-vp8: 9c59270c3fd7afecdb556c50c9e8de78 -> 
  custom:audio-decoder-ogg-vorbis: bf7c407c2cedff20999df2af8eb42d56 -> 
========================================================================
Received Import Request.
  Time since last request: 231.900373 seconds.
  path: Assets/ReferenceImageLibrary.asset
  artifactKey: Guid(4ce8d14fce732f2da90a6fa6a9c34c38) Importer(815301076,1909f56bfc062723c751e8b465ee728b)
Start importing Assets/ReferenceImageLibrary.asset using Guid(4ce8d14fce732f2da90a6fa6a9c34c38) Importer(815301076,1909f56bfc062723c751e8b465ee728b)  -> (artifact id: '2ae0871ddd80b71752faf98634988cc0') in 0.007578 seconds 
========================================================================
Received Import Request.
  Time since last request: 75.781375 seconds.
  path: Assets/Prefab/Cube.prefab
  artifactKey: Guid(ce09edba6f57dad999e55e9bdfa32f20) Importer(815301076,1909f56bfc062723c751e8b465ee728b)
Start importing Assets/Prefab/Cube.prefab using Guid(ce09edba6f57dad999e55e9bdfa32f20) Importer(815301076,1909f56bfc062723c751e8b465ee728b)  -> (artifact id: '9fc17b6ebbc77e6ecbc3dc602aabaf8d') in 0.162055 seconds 
========================================================================
Received Import Request.
  Time since last request: 1.652120 seconds.
  path: Assets/Prefab/Cube.prefab
  artifactKey: Guid(ce09edba6f57dad999e55e9bdfa32f20) Importer(815301076,1909f56bfc062723c751e8b465ee728b)
Start importing Assets/Prefab/Cube.prefab using Guid(ce09edba6f57dad999e55e9bdfa32f20) Importer(815301076,1909f56bfc062723c751e8b465ee728b)  -> (artifact id: '47f32dfde9d38877573db1e26a273699') in 0.008733 seconds 
========================================================================
Received Import Request.
  Time since last request: 5.263728 seconds.
  path: Assets/Prefab/Cube.prefab
  artifactKey: Guid(ce09edba6f57dad999e55e9bdfa32f20) Importer(815301076,1909f56bfc062723c751e8b465ee728b)
Start importing Assets/Prefab/Cube.prefab using Guid(ce09edba6f57dad999e55e9bdfa32f20) Importer(815301076,1909f56bfc062723c751e8b465ee728b)  -> (artifact id: '71b436575d901b634d2b5f2392f7f6a0') in 0.011349 seconds 
========================================================================
Received Import Request.
  Time since last request: 5.998917 seconds.
  path: Assets/Prefab/Cube.prefab
  artifactKey: Guid(ce09edba6f57dad999e55e9bdfa32f20) Importer(815301076,1909f56bfc062723c751e8b465ee728b)
Start importing Assets/Prefab/Cube.prefab using Guid(ce09edba6f57dad999e55e9bdfa32f20) Importer(815301076,1909f56bfc062723c751e8b465ee728b)  -> (artifact id: 'a9b4a0eefb44b26b7256021f5d40ecec') in 0.009717 seconds 
========================================================================
Received Prepare
Refreshing native plugins compatible for Editor in 6.18 ms, found 0 plugins.
Preloading 0 native plugins for Editor in 0.00 ms.
Unloading 20 Unused Serialized files (Serialized files now loaded: 0)
Unloading 20 unused Assets / (57.9 KB). Loaded Objects now: 4198.
Memory consumption went from 49.1 MB to 49.1 MB.
Total: 6.187862 ms (FindLiveObjects: 0.400914 ms CreateObjectMapping: 0.358727 ms MarkObjects: 5.288443 ms  DeleteObjects: 0.138046 ms)

AssetImportParameters requested are different than current active one (requested -> active):
  custom:video-decoder-ogg-theora: a1e56fd34408186e4bbccfd4996cb3dc -> 
  custom:container-muxer-webm: aa71ff27fc2769a1b78a27578f13a17b -> 
  custom:container-demuxer-webm: 4f35f7cbe854078d1ac9338744f61a02 -> 
  custom:video-encoder-webm-vp8: eb34c28f22e8b96e1ab97ce403110664 -> 
  custom:audio-encoder-webm-vorbis: bf7c407c2cedff20999df2af8eb42d56 -> 
  custom:container-demuxer-ogg: 62fdf1f143b41e24485cea50d1cbac27 -> 
  custom:video-decoder-webm-vp8: 9c59270c3fd7afecdb556c50c9e8de78 -> 
  custom:audio-decoder-ogg-vorbis: bf7c407c2cedff20999df2af8eb42d56 -> 
========================================================================
Received Import Request.
  Time since last request: 228.779919 seconds.
  path: Assets/Image.cs
  artifactKey: Guid(d662bc18a24bb3e128160d9e344548c0) Importer(815301076,1909f56bfc062723c751e8b465ee728b)
Start importing Assets/Image.cs using Guid(d662bc18a24bb3e128160d9e344548c0) Importer(815301076,1909f56bfc062723c751e8b465ee728b)  -> (artifact id: 'a8a217833d19572b11b8ce6f616193e1') in 0.001093 seconds 
========================================================================
Received Import Request.
  Time since last request: 82.983948 seconds.
  path: Assets/Image.cs
  artifactKey: Guid(d662bc18a24bb3e128160d9e344548c0) Importer(815301076,1909f56bfc062723c751e8b465ee728b)
Start importing Assets/Image.cs using Guid(d662bc18a24bb3e128160d9e344548c0) Importer(815301076,1909f56bfc062723c751e8b465ee728b)  -> (artifact id: 'd812fa3463fa10c9e31a5127fde87ecb') in 0.001180 seconds 
========================================================================
Received Prepare
Registering precompiled user dll's ...
Registered in 0.012761 seconds.
Begin MonoManager ReloadAssembly
Symbol file LoadedFromMemory doesn't match image /home/mau/New project/Library/PackageCache/com.unity.visualscripting@1.7.8/Editor/VisualScripting.Core/Dependencies/YamlDotNet/Unity.VisualScripting.YamlDotNet.dll
Symbol file LoadedFromMemory doesn't match image /home/mau/New project/Library/PackageCache/com.unity.visualscripting@1.7.8/Editor/VisualScripting.Core/Dependencies/DotNetZip/Unity.VisualScripting.IonicZip.dll
Native extension for LinuxStandalone target not found
Native extension for Android target not found
Native extension for WebGL target not found
Refreshing native plugins compatible for Editor in 0.89 ms, found 0 plugins.
Preloading 0 native plugins for Editor in 0.00 ms.
Mono: successfully reloaded assembly
- Completed reload, in  2.317 seconds
Domain Reload Profiling:
	ReloadAssembly (2319ms)
		BeginReloadAssembly (250ms)
			ExecutionOrderSort (0ms)
			DisableScriptedObjects (10ms)
			BackupInstance (0ms)
			ReleaseScriptingObjects (0ms)
			CreateAndSetChildDomain (83ms)
		EndReloadAssembly (1863ms)
			LoadAssemblies (142ms)
			RebuildTransferFunctionScriptingTraits (0ms)
			SetupTypeCache (783ms)
			ReleaseScriptCaches (2ms)
			RebuildScriptCaches (77ms)
			SetupLoadedEditorAssemblies (755ms)
				LogAssemblyErrors (0ms)
				InitializePlatformSupportModulesInManaged (40ms)
				SetLoadedEditorAssemblies (1ms)
				RefreshPlugins (1ms)
				BeforeProcessingInitializeOnLoad (133ms)
				ProcessInitializeOnLoadAttributes (515ms)
				ProcessInitializeOnLoadMethodAttributes (46ms)
				AfterProcessingInitializeOnLoad (19ms)
				EditorAssembliesLoaded (0ms)
			ExecutionOrderSort2 (0ms)
			AwakeInstancesAfterBackupRestoration (8ms)
Platform modules already initialized, skipping
Refreshing native plugins compatible for Editor in 2.79 ms, found 0 plugins.
Preloading 0 native plugins for Editor in 0.00 ms.
Unloading 3716 Unused Serialized files (Serialized files now loaded: 0)
Unloading 20 unused Assets / (57.9 KB). Loaded Objects now: 4201.
Memory consumption went from 123.7 MB to 123.6 MB.
Total: 7.155030 ms (FindLiveObjects: 0.452931 ms CreateObjectMapping: 0.365371 ms MarkObjects: 5.677149 ms  DeleteObjects: 0.652451 ms)

AssetImportParameters requested are different than current active one (requested -> active):
  custom:video-decoder-ogg-theora: a1e56fd34408186e4bbccfd4996cb3dc -> 
  custom:container-muxer-webm: aa71ff27fc2769a1b78a27578f13a17b -> 
  custom:container-demuxer-webm: 4f35f7cbe854078d1ac9338744f61a02 -> 
  custom:video-encoder-webm-vp8: eb34c28f22e8b96e1ab97ce403110664 -> 
  custom:audio-encoder-webm-vorbis: bf7c407c2cedff20999df2af8eb42d56 -> 
  custom:container-demuxer-ogg: 62fdf1f143b41e24485cea50d1cbac27 -> 
  custom:video-decoder-webm-vp8: 9c59270c3fd7afecdb556c50c9e8de78 -> 
  custom:audio-decoder-ogg-vorbis: bf7c407c2cedff20999df2af8eb42d56 -> 
========================================================================
Received Prepare
Refreshing native plugins compatible for Editor in 6.36 ms, found 0 plugins.
Preloading 0 native plugins for Editor in 0.00 ms.
Unloading 20 Unused Serialized files (Serialized files now loaded: 0)
Unloading 20 unused Assets / (57.9 KB). Loaded Objects now: 4201.
Memory consumption went from 49.1 MB to 49.1 MB.
Total: 5.443876 ms (FindLiveObjects: 0.343761 ms CreateObjectMapping: 0.270835 ms MarkObjects: 4.717909 ms  DeleteObjects: 0.109716 ms)

AssetImportParameters requested are different than current active one (requested -> active):
  custom:video-decoder-ogg-theora: a1e56fd34408186e4bbccfd4996cb3dc -> 
  custom:container-muxer-webm: aa71ff27fc2769a1b78a27578f13a17b -> 
  custom:container-demuxer-webm: 4f35f7cbe854078d1ac9338744f61a02 -> 
  custom:video-encoder-webm-vp8: eb34c28f22e8b96e1ab97ce403110664 -> 
  custom:audio-encoder-webm-vorbis: bf7c407c2cedff20999df2af8eb42d56 -> 
  custom:container-demuxer-ogg: 62fdf1f143b41e24485cea50d1cbac27 -> 
  custom:video-decoder-webm-vp8: 9c59270c3fd7afecdb556c50c9e8de78 -> 
  custom:audio-decoder-ogg-vorbis: bf7c407c2cedff20999df2af8eb42d56 -> 
========================================================================
Received Import Request.
  Time since last request: 8273.501608 seconds.
  path: Assets/Image.cs
  artifactKey: Guid(d662bc18a24bb3e128160d9e344548c0) Importer(815301076,1909f56bfc062723c751e8b465ee728b)
Start importing Assets/Image.cs using Guid(d662bc18a24bb3e128160d9e344548c0) Importer(815301076,1909f56bfc062723c751e8b465ee728b)  -> (artifact id: '3cf6d894a07dd83882b53cb72bdeba5e') in 0.008192 seconds 
========================================================================
Received Prepare
Registering precompiled user dll's ...
Registered in 0.015172 seconds.
Begin MonoManager ReloadAssembly
Symbol file LoadedFromMemory doesn't match image /home/mau/New project/Library/PackageCache/com.unity.visualscripting@1.7.8/Editor/VisualScripting.Core/Dependencies/YamlDotNet/Unity.VisualScripting.YamlDotNet.dll
Symbol file LoadedFromMemory doesn't match image /home/mau/New project/Library/PackageCache/com.unity.visualscripting@1.7.8/Editor/VisualScripting.Core/Dependencies/DotNetZip/Unity.VisualScripting.IonicZip.dll
Native extension for LinuxStandalone target not found
Native extension for Android target not found
Native extension for WebGL target not found
Refreshing native plugins compatible for Editor in 1.58 ms, found 0 plugins.
Preloading 0 native plugins for Editor in 0.00 ms.
Mono: successfully reloaded assembly
- Completed reload, in  2.994 seconds
Domain Reload Profiling:
	ReloadAssembly (2995ms)
		BeginReloadAssembly (337ms)
			ExecutionOrderSort (0ms)
			DisableScriptedObjects (16ms)
			BackupInstance (0ms)
			ReleaseScriptingObjects (0ms)
			CreateAndSetChildDomain (104ms)
		EndReloadAssembly (2280ms)
			LoadAssemblies (185ms)
			RebuildTransferFunctionScriptingTraits (0ms)
			SetupTypeCache (852ms)
			ReleaseScriptCaches (3ms)
			RebuildScriptCaches (133ms)
			SetupLoadedEditorAssemblies (962ms)
				LogAssemblyErrors (0ms)
				InitializePlatformSupportModulesInManaged (61ms)
				SetLoadedEditorAssemblies (2ms)
				RefreshPlugins (2ms)
				BeforeProcessingInitializeOnLoad (195ms)
				ProcessInitializeOnLoadAttributes (608ms)
				ProcessInitializeOnLoadMethodAttributes (69ms)
				AfterProcessingInitializeOnLoad (25ms)
				EditorAssembliesLoaded (0ms)
			ExecutionOrderSort2 (0ms)
			AwakeInstancesAfterBackupRestoration (12ms)
Platform modules already initialized, skipping
Refreshing native plugins compatible for Editor in 3.47 ms, found 0 plugins.
Preloading 0 native plugins for Editor in 0.00 ms.
Unloading 3715 Unused Serialized files (Serialized files now loaded: 0)
Unloading 21 unused Assets / (57.9 KB). Loaded Objects now: 4204.
Memory consumption went from 123.7 MB to 123.6 MB.
Total: 8.677580 ms (FindLiveObjects: 0.561692 ms CreateObjectMapping: 0.418587 ms MarkObjects: 5.400882 ms  DeleteObjects: 2.293981 ms)

AssetImportParameters requested are different than current active one (requested -> active):
  custom:video-decoder-ogg-theora: a1e56fd34408186e4bbccfd4996cb3dc -> 
  custom:container-muxer-webm: aa71ff27fc2769a1b78a27578f13a17b -> 
  custom:container-demuxer-webm: 4f35f7cbe854078d1ac9338744f61a02 -> 
  custom:video-encoder-webm-vp8: eb34c28f22e8b96e1ab97ce403110664 -> 
  custom:audio-encoder-webm-vorbis: bf7c407c2cedff20999df2af8eb42d56 -> 
  custom:container-demuxer-ogg: 62fdf1f143b41e24485cea50d1cbac27 -> 
  custom:video-decoder-webm-vp8: 9c59270c3fd7afecdb556c50c9e8de78 -> 
  custom:audio-decoder-ogg-vorbis: bf7c407c2cedff20999df2af8eb42d56 -> 
========================================================================
Received Import Request.
  Time since last request: 64.857286 seconds.
  path: Assets/ReferenceImageLibrary.asset
  artifactKey: Guid(4ce8d14fce732f2da90a6fa6a9c34c38) Importer(815301076,1909f56bfc062723c751e8b465ee728b)
Start importing Assets/ReferenceImageLibrary.asset using Guid(4ce8d14fce732f2da90a6fa6a9c34c38) Importer(815301076,1909f56bfc062723c751e8b465ee728b)  -> (artifact id: '4cec48251b7f0b0dacaf4698818af4dd') in 0.062943 seconds 
========================================================================
Received Prepare
Refreshing native plugins compatible for Editor in 6.84 ms, found 0 plugins.
Preloading 0 native plugins for Editor in 0.00 ms.
Unloading 20 Unused Serialized files (Serialized files now loaded: 0)
Unloading 20 unused Assets / (57.8 KB). Loaded Objects now: 4204.
Memory consumption went from 49.2 MB to 49.1 MB.
Total: 6.078165 ms (FindLiveObjects: 0.368383 ms CreateObjectMapping: 0.272679 ms MarkObjects: 5.327464 ms  DeleteObjects: 0.108079 ms)

AssetImportParameters requested are different than current active one (requested -> active):
  custom:video-decoder-ogg-theora: a1e56fd34408186e4bbccfd4996cb3dc -> 
  custom:container-muxer-webm: aa71ff27fc2769a1b78a27578f13a17b -> 
  custom:container-demuxer-webm: 4f35f7cbe854078d1ac9338744f61a02 -> 
  custom:video-encoder-webm-vp8: eb34c28f22e8b96e1ab97ce403110664 -> 
  custom:audio-encoder-webm-vorbis: bf7c407c2cedff20999df2af8eb42d56 -> 
  custom:container-demuxer-ogg: 62fdf1f143b41e24485cea50d1cbac27 -> 
  custom:video-decoder-webm-vp8: 9c59270c3fd7afecdb556c50c9e8de78 -> 
  custom:audio-decoder-ogg-vorbis: bf7c407c2cedff20999df2af8eb42d56 -> 
========================================================================
Received Import Request.
  Time since last request: 155.373987 seconds.
  path: Assets/Prefab/Cube.prefab
  artifactKey: Guid(ce09edba6f57dad999e55e9bdfa32f20) Importer(815301076,1909f56bfc062723c751e8b465ee728b)
Start importing Assets/Prefab/Cube.prefab using Guid(ce09edba6f57dad999e55e9bdfa32f20) Importer(815301076,1909f56bfc062723c751e8b465ee728b)  -> (artifact id: 'a99bd45214ed1f3c979ca69526e16f3e') in 0.111616 seconds 
========================================================================
Received Import Request.
  Time since last request: 3.152624 seconds.
  path: Assets/Prefab/Cube.prefab
  artifactKey: Guid(ce09edba6f57dad999e55e9bdfa32f20) Importer(815301076,1909f56bfc062723c751e8b465ee728b)
Start importing Assets/Prefab/Cube.prefab using Guid(ce09edba6f57dad999e55e9bdfa32f20) Importer(815301076,1909f56bfc062723c751e8b465ee728b)  -> (artifact id: 'cd2f8844b4de8e0a72ee03030d4ff4e9') in 0.008974 seconds 
========================================================================
Received Import Request.
  Time since last request: 1.449511 seconds.
  path: Assets/Prefab/Cube.prefab
  artifactKey: Guid(ce09edba6f57dad999e55e9bdfa32f20) Importer(815301076,1909f56bfc062723c751e8b465ee728b)
Start importing Assets/Prefab/Cube.prefab using Guid(ce09edba6f57dad999e55e9bdfa32f20) Importer(815301076,1909f56bfc062723c751e8b465ee728b)  -> (artifact id: 'bc3a40515a52c040242ec4c46a125093') in 0.009229 seconds 
========================================================================
Received Import Request.
  Time since last request: 18.150621 seconds.
  path: Assets/Prefab/Cube.prefab
  artifactKey: Guid(ce09edba6f57dad999e55e9bdfa32f20) Importer(815301076,1909f56bfc062723c751e8b465ee728b)
Start importing Assets/Prefab/Cube.prefab using Guid(ce09edba6f57dad999e55e9bdfa32f20) Importer(815301076,1909f56bfc062723c751e8b465ee728b)  -> (artifact id: 'ed628ce7ad0cf446405e468f00850f01') in 0.009514 seconds 
========================================================================
Received Prepare
Refreshing native plugins compatible for Editor in 6.19 ms, found 0 plugins.
Preloading 0 native plugins for Editor in 0.00 ms.
Unloading 20 Unused Serialized files (Serialized files now loaded: 0)
Unloading 20 unused Assets / (57.9 KB). Loaded Objects now: 4205.
Memory consumption went from 49.2 MB to 49.1 MB.
Total: 5.887541 ms (FindLiveObjects: 0.344785 ms CreateObjectMapping: 0.258193 ms MarkObjects: 5.171633 ms  DeleteObjects: 0.111321 ms)

AssetImportParameters requested are different than current active one (requested -> active):
  custom:video-decoder-ogg-theora: a1e56fd34408186e4bbccfd4996cb3dc -> 
  custom:container-muxer-webm: aa71ff27fc2769a1b78a27578f13a17b -> 
  custom:container-demuxer-webm: 4f35f7cbe854078d1ac9338744f61a02 -> 
  custom:video-encoder-webm-vp8: eb34c28f22e8b96e1ab97ce403110664 -> 
  custom:audio-encoder-webm-vorbis: bf7c407c2cedff20999df2af8eb42d56 -> 
  custom:container-demuxer-ogg: 62fdf1f143b41e24485cea50d1cbac27 -> 
  custom:video-decoder-webm-vp8: 9c59270c3fd7afecdb556c50c9e8de78 -> 
  custom:audio-decoder-ogg-vorbis: bf7c407c2cedff20999df2af8eb42d56 -> 
========================================================================
Received Import Request.
  Time since last request: 414.097386 seconds.
  path: Assets/imageTracking.cs
  artifactKey: Guid(d97c40afadc58ff6e8a87392401405ad) Importer(815301076,1909f56bfc062723c751e8b465ee728b)
Start importing Assets/imageTracking.cs using Guid(d97c40afadc58ff6e8a87392401405ad) Importer(815301076,1909f56bfc062723c751e8b465ee728b)  -> (artifact id: '45a69064af0234835cd9a5d13d55a076') in 0.001768 seconds 
========================================================================
Received Prepare
Registering precompiled user dll's ...
Registered in 0.009336 seconds.
Begin MonoManager ReloadAssembly
Symbol file LoadedFromMemory doesn't match image /home/mau/New project/Library/PackageCache/com.unity.visualscripting@1.7.8/Editor/VisualScripting.Core/Dependencies/YamlDotNet/Unity.VisualScripting.YamlDotNet.dll
Symbol file LoadedFromMemory doesn't match image /home/mau/New project/Library/PackageCache/com.unity.visualscripting@1.7.8/Editor/VisualScripting.Core/Dependencies/DotNetZip/Unity.VisualScripting.IonicZip.dll
Native extension for LinuxStandalone target not found
Native extension for Android target not found
Native extension for WebGL target not found
Refreshing native plugins compatible for Editor in 1.41 ms, found 0 plugins.
Preloading 0 native plugins for Editor in 0.00 ms.
Mono: successfully reloaded assembly
- Completed reload, in  2.340 seconds
Domain Reload Profiling:
	ReloadAssembly (2341ms)
		BeginReloadAssembly (257ms)
			ExecutionOrderSort (0ms)
			DisableScriptedObjects (12ms)
			BackupInstance (0ms)
			ReleaseScriptingObjects (0ms)
			CreateAndSetChildDomain (88ms)
		EndReloadAssembly (1735ms)
			LoadAssemblies (147ms)
			RebuildTransferFunctionScriptingTraits (0ms)
			SetupTypeCache (659ms)
			ReleaseScriptCaches (2ms)
			RebuildScriptCaches (80ms)
			SetupLoadedEditorAssemblies (744ms)
				LogAssemblyErrors (0ms)
				InitializePlatformSupportModulesInManaged (48ms)
				SetLoadedEditorAssemblies (1ms)
				RefreshPlugins (1ms)
				BeforeProcessingInitializeOnLoad (164ms)
				ProcessInitializeOnLoadAttributes (460ms)
				ProcessInitializeOnLoadMethodAttributes (50ms)
				AfterProcessingInitializeOnLoad (19ms)
				EditorAssembliesLoaded (0ms)
			ExecutionOrderSort2 (0ms)
			AwakeInstancesAfterBackupRestoration (8ms)
Platform modules already initialized, skipping
Refreshing native plugins compatible for Editor in 2.71 ms, found 0 plugins.
Preloading 0 native plugins for Editor in 0.00 ms.
Unloading 3716 Unused Serialized files (Serialized files now loaded: 0)
Unloading 20 unused Assets / (58.0 KB). Loaded Objects now: 4209.
Memory consumption went from 123.7 MB to 123.7 MB.
Total: 6.762891 ms (FindLiveObjects: 0.438566 ms CreateObjectMapping: 0.291831 ms MarkObjects: 5.365953 ms  DeleteObjects: 0.664528 ms)

AssetImportParameters requested are different than current active one (requested -> active):
  custom:video-decoder-ogg-theora: a1e56fd34408186e4bbccfd4996cb3dc -> 
  custom:container-muxer-webm: aa71ff27fc2769a1b78a27578f13a17b -> 
  custom:container-demuxer-webm: 4f35f7cbe854078d1ac9338744f61a02 -> 
  custom:video-encoder-webm-vp8: eb34c28f22e8b96e1ab97ce403110664 -> 
  custom:audio-encoder-webm-vorbis: bf7c407c2cedff20999df2af8eb42d56 -> 
  custom:container-demuxer-ogg: 62fdf1f143b41e24485cea50d1cbac27 -> 
  custom:video-decoder-webm-vp8: 9c59270c3fd7afecdb556c50c9e8de78 -> 
  custom:audio-decoder-ogg-vorbis: bf7c407c2cedff20999df2af8eb42d56 -> 
========================================================================
Received Import Request.
  Time since last request: 27.947327 seconds.
  path: Assets/imageTracking.cs
  artifactKey: Guid(d97c40afadc58ff6e8a87392401405ad) Importer(815301076,1909f56bfc062723c751e8b465ee728b)
Start importing Assets/imageTracking.cs using Guid(d97c40afadc58ff6e8a87392401405ad) Importer(815301076,1909f56bfc062723c751e8b465ee728b)  -> (artifact id: 'c5ca0a466d23fe84c61e660ce11a8934') in 0.011333 seconds 
========================================================================
Received Prepare
Registering precompiled user dll's ...
Registered in 0.012991 seconds.
Begin MonoManager ReloadAssembly
Symbol file LoadedFromMemory doesn't match image /home/mau/New project/Library/PackageCache/com.unity.visualscripting@1.7.8/Editor/VisualScripting.Core/Dependencies/YamlDotNet/Unity.VisualScripting.YamlDotNet.dll
Symbol file LoadedFromMemory doesn't match image /home/mau/New project/Library/PackageCache/com.unity.visualscripting@1.7.8/Editor/VisualScripting.Core/Dependencies/DotNetZip/Unity.VisualScripting.IonicZip.dll
Native extension for LinuxStandalone target not found
Native extension for Android target not found
Native extension for WebGL target not found
Refreshing native plugins compatible for Editor in 1.13 ms, found 0 plugins.
Preloading 0 native plugins for Editor in 0.00 ms.
Mono: successfully reloaded assembly
- Completed reload, in  2.266 seconds
Domain Reload Profiling:
	ReloadAssembly (2268ms)
		BeginReloadAssembly (277ms)
			ExecutionOrderSort (0ms)
			DisableScriptedObjects (15ms)
			BackupInstance (0ms)
			ReleaseScriptingObjects (0ms)
			CreateAndSetChildDomain (97ms)
		EndReloadAssembly (1703ms)
			LoadAssemblies (129ms)
			RebuildTransferFunctionScriptingTraits (0ms)
			SetupTypeCache (657ms)
			ReleaseScriptCaches (2ms)
			RebuildScriptCaches (98ms)
			SetupLoadedEditorAssemblies (709ms)
				LogAssemblyErrors (0ms)
				InitializePlatformSupportModulesInManaged (46ms)
				SetLoadedEditorAssemblies (1ms)
				RefreshPlugins (1ms)
				BeforeProcessingInitializeOnLoad (139ms)
				ProcessInitializeOnLoadAttributes (457ms)
				ProcessInitializeOnLoadMethodAttributes (47ms)
				AfterProcessingInitializeOnLoad (18ms)
				EditorAssembliesLoaded (0ms)
			ExecutionOrderSort2 (0ms)
			AwakeInstancesAfterBackupRestoration (8ms)
Platform modules already initialized, skipping
Refreshing native plugins compatible for Editor in 3.13 ms, found 0 plugins.
Preloading 0 native plugins for Editor in 0.00 ms.
Unloading 3716 Unused Serialized files (Serialized files now loaded: 0)
Unloading 20 unused Assets / (58.0 KB). Loaded Objects now: 4213.
Memory consumption went from 123.7 MB to 123.7 MB.
Total: 6.389733 ms (FindLiveObjects: 0.359487 ms CreateObjectMapping: 0.287053 ms MarkObjects: 5.480129 ms  DeleteObjects: 0.261089 ms)

AssetImportParameters requested are different than current active one (requested -> active):
  custom:video-decoder-ogg-theora: a1e56fd34408186e4bbccfd4996cb3dc -> 
  custom:container-muxer-webm: aa71ff27fc2769a1b78a27578f13a17b -> 
  custom:container-demuxer-webm: 4f35f7cbe854078d1ac9338744f61a02 -> 
  custom:video-encoder-webm-vp8: eb34c28f22e8b96e1ab97ce403110664 -> 
  custom:audio-encoder-webm-vorbis: bf7c407c2cedff20999df2af8eb42d56 -> 
  custom:container-demuxer-ogg: 62fdf1f143b41e24485cea50d1cbac27 -> 
  custom:video-decoder-webm-vp8: 9c59270c3fd7afecdb556c50c9e8de78 -> 
  custom:audio-decoder-ogg-vorbis: bf7c407c2cedff20999df2af8eb42d56 -> 
========================================================================
Received Import Request.
  Time since last request: 34.712439 seconds.
  path: Assets/imageTracking.cs
  artifactKey: Guid(d97c40afadc58ff6e8a87392401405ad) Importer(815301076,1909f56bfc062723c751e8b465ee728b)
Start importing Assets/imageTracking.cs using Guid(d97c40afadc58ff6e8a87392401405ad) Importer(815301076,1909f56bfc062723c751e8b465ee728b)  -> (artifact id: '53d6859d00713841725b9245bf4e7743') in 0.011772 seconds 
========================================================================
Received Import Request.
  Time since last request: 26.003188 seconds.
  path: Assets/imageTracking.cs
  artifactKey: Guid(d97c40afadc58ff6e8a87392401405ad) Importer(815301076,1909f56bfc062723c751e8b465ee728b)
Start importing Assets/imageTracking.cs using Guid(d97c40afadc58ff6e8a87392401405ad) Importer(815301076,1909f56bfc062723c751e8b465ee728b)  -> (artifact id: '51d9a991439b7e095f0adea7071b4b8c') in 0.001381 seconds 
========================================================================
Received Import Request.
  Time since last request: 41.216613 seconds.
  path: Assets/imageTracking.cs
  artifactKey: Guid(d97c40afadc58ff6e8a87392401405ad) Importer(815301076,1909f56bfc062723c751e8b465ee728b)
Start importing Assets/imageTracking.cs using Guid(d97c40afadc58ff6e8a87392401405ad) Importer(815301076,1909f56bfc062723c751e8b465ee728b)  -> (artifact id: '06b74911b1c9b39689773cadbf43f3a0') in 0.001599 seconds 
========================================================================
Received Import Request.
  Time since last request: 16.447125 seconds.
  path: Assets/imageTracking.cs
  artifactKey: Guid(d97c40afadc58ff6e8a87392401405ad) Importer(815301076,1909f56bfc062723c751e8b465ee728b)
Start importing Assets/imageTracking.cs using Guid(d97c40afadc58ff6e8a87392401405ad) Importer(815301076,1909f56bfc062723c751e8b465ee728b)  -> (artifact id: 'b8a810b5c88e4e7a856c10fd363a2f32') in 0.001190 seconds 
========================================================================
Received Import Request.
  Time since last request: 24.963278 seconds.
  path: Assets/imageTracking.cs
  artifactKey: Guid(d97c40afadc58ff6e8a87392401405ad) Importer(815301076,1909f56bfc062723c751e8b465ee728b)
Start importing Assets/imageTracking.cs using Guid(d97c40afadc58ff6e8a87392401405ad) Importer(815301076,1909f56bfc062723c751e8b465ee728b)  -> (artifact id: '8412c3d2f3ed8eadd446f8b343c3b372') in 0.000957 seconds 
========================================================================
Received Import Request.
  Time since last request: 953.581830 seconds.
  path: Assets/imageTracking.cs
  artifactKey: Guid(d97c40afadc58ff6e8a87392401405ad) Importer(815301076,1909f56bfc062723c751e8b465ee728b)
Start importing Assets/imageTracking.cs using Guid(d97c40afadc58ff6e8a87392401405ad) Importer(815301076,1909f56bfc062723c751e8b465ee728b)  -> (artifact id: 'ea5d34834c73812801577c2f1f0e5146') in 0.001202 seconds 
========================================================================
Received Prepare
Registering precompiled user dll's ...
Registered in 0.012931 seconds.
Begin MonoManager ReloadAssembly
Symbol file LoadedFromMemory doesn't match image /home/mau/New project/Library/PackageCache/com.unity.visualscripting@1.7.8/Editor/VisualScripting.Core/Dependencies/YamlDotNet/Unity.VisualScripting.YamlDotNet.dll
Symbol file LoadedFromMemory doesn't match image /home/mau/New project/Library/PackageCache/com.unity.visualscripting@1.7.8/Editor/VisualScripting.Core/Dependencies/DotNetZip/Unity.VisualScripting.IonicZip.dll
Native extension for LinuxStandalone target not found
Native extension for Android target not found
Native extension for WebGL target not found
Refreshing native plugins compatible for Editor in 0.96 ms, found 0 plugins.
Preloading 0 native plugins for Editor in 0.00 ms.
Mono: successfully reloaded assembly
- Completed reload, in  2.085 seconds
Domain Reload Profiling:
	ReloadAssembly (2086ms)
		BeginReloadAssembly (191ms)
			ExecutionOrderSort (0ms)
			DisableScriptedObjects (10ms)
			BackupInstance (0ms)
			ReleaseScriptingObjects (0ms)
			CreateAndSetChildDomain (60ms)
		EndReloadAssembly (1660ms)
			LoadAssemblies (99ms)
			RebuildTransferFunctionScriptingTraits (0ms)
			SetupTypeCache (608ms)
			ReleaseScriptCaches (2ms)
			RebuildScriptCaches (95ms)
			SetupLoadedEditorAssemblies (721ms)
				LogAssemblyErrors (0ms)
				InitializePlatformSupportModulesInManaged (47ms)
				SetLoadedEditorAssemblies (1ms)
				RefreshPlugins (1ms)
				BeforeProcessingInitializeOnLoad (140ms)
				ProcessInitializeOnLoadAttributes (456ms)
				ProcessInitializeOnLoadMethodAttributes (55ms)
				AfterProcessingInitializeOnLoad (20ms)
				EditorAssembliesLoaded (0ms)
			ExecutionOrderSort2 (0ms)
			AwakeInstancesAfterBackupRestoration (9ms)
Platform modules already initialized, skipping
Refreshing native plugins compatible for Editor in 3.69 ms, found 0 plugins.
Preloading 0 native plugins for Editor in 0.00 ms.
Unloading 3716 Unused Serialized files (Serialized files now loaded: 0)
Unloading 20 unused Assets / (58.0 KB). Loaded Objects now: 4217.
Memory consumption went from 123.8 MB to 123.7 MB.
Total: 6.820416 ms (FindLiveObjects: 0.363026 ms CreateObjectMapping: 0.272761 ms MarkObjects: 5.599610 ms  DeleteObjects: 0.582436 ms)

AssetImportParameters requested are different than current active one (requested -> active):
  custom:video-decoder-ogg-theora: a1e56fd34408186e4bbccfd4996cb3dc -> 
  custom:container-muxer-webm: aa71ff27fc2769a1b78a27578f13a17b -> 
  custom:container-demuxer-webm: 4f35f7cbe854078d1ac9338744f61a02 -> 
  custom:video-encoder-webm-vp8: eb34c28f22e8b96e1ab97ce403110664 -> 
  custom:audio-encoder-webm-vorbis: bf7c407c2cedff20999df2af8eb42d56 -> 
  custom:container-demuxer-ogg: 62fdf1f143b41e24485cea50d1cbac27 -> 
  custom:video-decoder-webm-vp8: 9c59270c3fd7afecdb556c50c9e8de78 -> 
  custom:audio-decoder-ogg-vorbis: bf7c407c2cedff20999df2af8eb42d56 -> 
========================================================================
Received Import Request.
  Time since last request: 69.918883 seconds.
  path: Assets/imageTracking.cs
  artifactKey: Guid(d97c40afadc58ff6e8a87392401405ad) Importer(815301076,1909f56bfc062723c751e8b465ee728b)
Start importing Assets/imageTracking.cs using Guid(d97c40afadc58ff6e8a87392401405ad) Importer(815301076,1909f56bfc062723c751e8b465ee728b)  -> (artifact id: '0ff4289e5e9c9136a8c26373613d270a') in 0.011876 seconds 
========================================================================
Received Prepare
Refreshing native plugins compatible for Editor in 7.97 ms, found 0 plugins.
Preloading 0 native plugins for Editor in 0.00 ms.
Unloading 20 Unused Serialized files (Serialized files now loaded: 0)
Unloading 20 unused Assets / (57.8 KB). Loaded Objects now: 4217.
Memory consumption went from 49.2 MB to 49.2 MB.
Total: 5.488866 ms (FindLiveObjects: 0.349254 ms CreateObjectMapping: 0.264971 ms MarkObjects: 4.760483 ms  DeleteObjects: 0.112386 ms)

AssetImportParameters requested are different than current active one (requested -> active):
  custom:video-decoder-ogg-theora: a1e56fd34408186e4bbccfd4996cb3dc -> 
  custom:container-muxer-webm: aa71ff27fc2769a1b78a27578f13a17b -> 
  custom:container-demuxer-webm: 4f35f7cbe854078d1ac9338744f61a02 -> 
  custom:video-encoder-webm-vp8: eb34c28f22e8b96e1ab97ce403110664 -> 
  custom:audio-encoder-webm-vorbis: bf7c407c2cedff20999df2af8eb42d56 -> 
  custom:container-demuxer-ogg: 62fdf1f143b41e24485cea50d1cbac27 -> 
  custom:video-decoder-webm-vp8: 9c59270c3fd7afecdb556c50c9e8de78 -> 
  custom:audio-decoder-ogg-vorbis: bf7c407c2cedff20999df2af8eb42d56 -> 
========================================================================
Received Prepare
Refreshing native plugins compatible for Editor in 6.80 ms, found 0 plugins.
Preloading 0 native plugins for Editor in 0.00 ms.
Unloading 20 Unused Serialized files (Serialized files now loaded: 0)
Unloading 20 unused Assets / (58.9 KB). Loaded Objects now: 4217.
Memory consumption went from 49.2 MB to 49.2 MB.
Total: 6.897822 ms (FindLiveObjects: 0.350838 ms CreateObjectMapping: 0.354266 ms MarkObjects: 6.073719 ms  DeleteObjects: 0.117273 ms)

AssetImportParameters requested are different than current active one (requested -> active):
  custom:video-decoder-ogg-theora: a1e56fd34408186e4bbccfd4996cb3dc -> 
  custom:container-muxer-webm: aa71ff27fc2769a1b78a27578f13a17b -> 
  custom:container-demuxer-webm: 4f35f7cbe854078d1ac9338744f61a02 -> 
  custom:video-encoder-webm-vp8: eb34c28f22e8b96e1ab97ce403110664 -> 
  custom:audio-encoder-webm-vorbis: bf7c407c2cedff20999df2af8eb42d56 -> 
  custom:container-demuxer-ogg: 62fdf1f143b41e24485cea50d1cbac27 -> 
  custom:video-decoder-webm-vp8: 9c59270c3fd7afecdb556c50c9e8de78 -> 
  custom:audio-decoder-ogg-vorbis: bf7c407c2cedff20999df2af8eb42d56 -> 
========================================================================
Received Import Request.
  Time since last request: 900.160771 seconds.
  path: Assets/Markers
  artifactKey: Guid(164e039842ef78c1cbc450c664a9232f) Importer(815301076,1909f56bfc062723c751e8b465ee728b)
Start importing Assets/Markers using Guid(164e039842ef78c1cbc450c664a9232f) Importer(815301076,1909f56bfc062723c751e8b465ee728b)  -> (artifact id: 'b0a031ac0f696472c232816baa3b37e0') in 0.001283 seconds 
========================================================================
Received Import Request.
  Time since last request: 23.349163 seconds.
  path: Assets/Markers/ReferenceImageLibrary.asset
  artifactKey: Guid(3be05cf9033eb327ab4cf7adaa44dfa6) Importer(815301076,1909f56bfc062723c751e8b465ee728b)
Start importing Assets/Markers/ReferenceImageLibrary.asset using Guid(3be05cf9033eb327ab4cf7adaa44dfa6) Importer(815301076,1909f56bfc062723c751e8b465ee728b)  -> (artifact id: '11000a5c83a7f6fbc73c6793ac844c8c') in 0.042903 seconds 
========================================================================
Received Import Request.
  Time since last request: 154.398114 seconds.
  path: Assets/3DModels
  artifactKey: Guid(7fb6fa051200e6d7388cb217bc5bba2b) Importer(815301076,1909f56bfc062723c751e8b465ee728b)
Start importing Assets/3DModels using Guid(7fb6fa051200e6d7388cb217bc5bba2b) Importer(815301076,1909f56bfc062723c751e8b465ee728b)  -> (artifact id: '9681b7b100e771849446f07bb77254db') in 0.001540 seconds 
========================================================================
Received Import Request.
  Time since last request: 14.094554 seconds.
  path: Assets/3DModels/Sphere.prefab
  artifactKey: Guid(61371c1e4649f16e385bfbb054ade32e) Importer(815301076,1909f56bfc062723c751e8b465ee728b)
Start importing Assets/3DModels/Sphere.prefab using Guid(61371c1e4649f16e385bfbb054ade32e) Importer(815301076,1909f56bfc062723c751e8b465ee728b)  -> (artifact id: 'dd34da503a19814c0aeaaa5db1311145') in 0.087472 seconds 
========================================================================
Received Import Request.
  Time since last request: 103.579782 seconds.
  path: Assets/3DModels/Sphere.prefab
  artifactKey: Guid(61371c1e4649f16e385bfbb054ade32e) Importer(815301076,1909f56bfc062723c751e8b465ee728b)
Start importing Assets/3DModels/Sphere.prefab using Guid(61371c1e4649f16e385bfbb054ade32e) Importer(815301076,1909f56bfc062723c751e8b465ee728b)  -> (artifact id: '17d9201326841343d1ead8eb870bbee3') in 0.011466 seconds 
========================================================================
Received Import Request.
  Time since last request: 136.905327 seconds.
  path: Assets/Markers/ReferenceImageLibrary.asset
  artifactKey: Guid(3be05cf9033eb327ab4cf7adaa44dfa6) Importer(815301076,1909f56bfc062723c751e8b465ee728b)
Start importing Assets/Markers/ReferenceImageLibrary.asset using Guid(3be05cf9033eb327ab4cf7adaa44dfa6) Importer(815301076,1909f56bfc062723c751e8b465ee728b)  -> (artifact id: 'bee62bb1a4e1aa270e0f983f97fb4eef') in 0.005177 seconds 
========================================================================
Received Import Request.
  Time since last request: 61.688837 seconds.
  path: Assets/Prefabs
  artifactKey: Guid(07f1a758007d8c5539c0984f9dfcaba4) Importer(815301076,1909f56bfc062723c751e8b465ee728b)
Start importing Assets/Prefabs using Guid(07f1a758007d8c5539c0984f9dfcaba4) Importer(815301076,1909f56bfc062723c751e8b465ee728b)  -> (artifact id: '35a087cf5529559ef93f4db65ba575e6') in 0.001329 seconds 
========================================================================
Received Import Request.
  Time since last request: 9.263352 seconds.
  path: Assets/Prefabs/Sphere.prefab
  artifactKey: Guid(de45c633c4c69a2f0b14edd4ec13c63a) Importer(815301076,1909f56bfc062723c751e8b465ee728b)
Start importing Assets/Prefabs/Sphere.prefab using Guid(de45c633c4c69a2f0b14edd4ec13c63a) Importer(815301076,1909f56bfc062723c751e8b465ee728b)  -> (artifact id: '7e5a69b0eae77caf2e316e2461c9e289') in 0.008701 seconds 
========================================================================
Received Prepare
Refreshing native plugins compatible for Editor in 6.31 ms, found 0 plugins.
Preloading 0 native plugins for Editor in 0.00 ms.
Unloading 20 Unused Serialized files (Serialized files now loaded: 0)
Unloading 20 unused Assets / (57.8 KB). Loaded Objects now: 4219.
Memory consumption went from 49.3 MB to 49.3 MB.
Total: 5.962892 ms (FindLiveObjects: 0.354227 ms CreateObjectMapping: 0.265910 ms MarkObjects: 5.230209 ms  DeleteObjects: 0.110801 ms)

AssetImportParameters requested are different than current active one (requested -> active):
  custom:video-decoder-ogg-theora: a1e56fd34408186e4bbccfd4996cb3dc -> 
  custom:container-muxer-webm: aa71ff27fc2769a1b78a27578f13a17b -> 
  custom:container-demuxer-webm: 4f35f7cbe854078d1ac9338744f61a02 -> 
  custom:video-encoder-webm-vp8: eb34c28f22e8b96e1ab97ce403110664 -> 
  custom:audio-encoder-webm-vorbis: bf7c407c2cedff20999df2af8eb42d56 -> 
  custom:container-demuxer-ogg: 62fdf1f143b41e24485cea50d1cbac27 -> 
  custom:video-decoder-webm-vp8: 9c59270c3fd7afecdb556c50c9e8de78 -> 
  custom:audio-decoder-ogg-vorbis: bf7c407c2cedff20999df2af8eb42d56 -> 
========================================================================
Received Import Request.
  Time since last request: 74.124250 seconds.
  path: Assets/Markers/ReferenceImageLibrary.asset
  artifactKey: Guid(3be05cf9033eb327ab4cf7adaa44dfa6) Importer(815301076,1909f56bfc062723c751e8b465ee728b)
Start importing Assets/Markers/ReferenceImageLibrary.asset using Guid(3be05cf9033eb327ab4cf7adaa44dfa6) Importer(815301076,1909f56bfc062723c751e8b465ee728b)  -> (artifact id: '44aa438e85c5b47be69e8c25646914c5') in 0.006064 seconds 
========================================================================
Received Import Request.
  Time since last request: 212.748370 seconds.
  path: Assets/Markers/ReferenceImageLibrary.asset
  artifactKey: Guid(3be05cf9033eb327ab4cf7adaa44dfa6) Importer(815301076,1909f56bfc062723c751e8b465ee728b)
Start importing Assets/Markers/ReferenceImageLibrary.asset using Guid(3be05cf9033eb327ab4cf7adaa44dfa6) Importer(815301076,1909f56bfc062723c751e8b465ee728b)  -> (artifact id: '0e86529c44d4d5ed6637307fb3f8efe9') in 0.005217 seconds 
========================================================================
Received Prepare
Refreshing native plugins compatible for Editor in 10.59 ms, found 0 plugins.
Preloading 0 native plugins for Editor in 0.00 ms.
Unloading 20 Unused Serialized files (Serialized files now loaded: 0)
Unloading 20 unused Assets / (57.9 KB). Loaded Objects now: 4219.
Memory consumption went from 49.3 MB to 49.3 MB.
Total: 10.325275 ms (FindLiveObjects: 0.507801 ms CreateObjectMapping: 0.423037 ms MarkObjects: 9.281392 ms  DeleteObjects: 0.111530 ms)

AssetImportParameters requested are different than current active one (requested -> active):
  custom:video-decoder-ogg-theora: a1e56fd34408186e4bbccfd4996cb3dc -> 
  custom:container-muxer-webm: aa71ff27fc2769a1b78a27578f13a17b -> 
  custom:container-demuxer-webm: 4f35f7cbe854078d1ac9338744f61a02 -> 
  custom:video-encoder-webm-vp8: eb34c28f22e8b96e1ab97ce403110664 -> 
  custom:audio-encoder-webm-vorbis: bf7c407c2cedff20999df2af8eb42d56 -> 
  custom:container-demuxer-ogg: 62fdf1f143b41e24485cea50d1cbac27 -> 
  custom:video-decoder-webm-vp8: 9c59270c3fd7afecdb556c50c9e8de78 -> 
  custom:audio-decoder-ogg-vorbis: bf7c407c2cedff20999df2af8eb42d56 -> 
========================================================================
Received Import Request.
  Time since last request: 14.147761 seconds.
  path: Assets/Markers/ReferenceImageLibrary.asset
  artifactKey: Guid(3be05cf9033eb327ab4cf7adaa44dfa6) Importer(815301076,1909f56bfc062723c751e8b465ee728b)
Start importing Assets/Markers/ReferenceImageLibrary.asset using Guid(3be05cf9033eb327ab4cf7adaa44dfa6) Importer(815301076,1909f56bfc062723c751e8b465ee728b)  -> (artifact id: '8e979f601e2f72cda5301a3e68caf3d1') in 0.006097 seconds 
========================================================================
Received Prepare
Registering precompiled user dll's ...
Registered in 0.012494 seconds.
Begin MonoManager ReloadAssembly
Symbol file LoadedFromMemory doesn't match image /home/mau/New project/Library/PackageCache/com.unity.visualscripting@1.7.8/Editor/VisualScripting.Core/Dependencies/YamlDotNet/Unity.VisualScripting.YamlDotNet.dll
Symbol file LoadedFromMemory doesn't match image /home/mau/New project/Library/PackageCache/com.unity.visualscripting@1.7.8/Editor/VisualScripting.Core/Dependencies/DotNetZip/Unity.VisualScripting.IonicZip.dll
Native extension for LinuxStandalone target not found
Native extension for Android target not found
Native extension for WebGL target not found
Refreshing native plugins compatible for Editor in 0.85 ms, found 0 plugins.
Preloading 0 native plugins for Editor in 0.00 ms.
Mono: successfully reloaded assembly
- Completed reload, in  1.989 seconds
Domain Reload Profiling:
	ReloadAssembly (1990ms)
		BeginReloadAssembly (219ms)
			ExecutionOrderSort (0ms)
			DisableScriptedObjects (8ms)
			BackupInstance (0ms)
			ReleaseScriptingObjects (0ms)
			CreateAndSetChildDomain (63ms)
		EndReloadAssembly (1555ms)
			LoadAssemblies (122ms)
			RebuildTransferFunctionScriptingTraits (0ms)
			SetupTypeCache (534ms)
			ReleaseScriptCaches (2ms)
			RebuildScriptCaches (92ms)
			SetupLoadedEditorAssemblies (698ms)
				LogAssemblyErrors (0ms)
				InitializePlatformSupportModulesInManaged (41ms)
				SetLoadedEditorAssemblies (1ms)
				RefreshPlugins (1ms)
				BeforeProcessingInitializeOnLoad (156ms)
				ProcessInitializeOnLoadAttributes (438ms)
				ProcessInitializeOnLoadMethodAttributes (43ms)
				AfterProcessingInitializeOnLoad (18ms)
				EditorAssembliesLoaded (0ms)
			ExecutionOrderSort2 (0ms)
			AwakeInstancesAfterBackupRestoration (7ms)
Platform modules already initialized, skipping
Refreshing native plugins compatible for Editor in 2.75 ms, found 0 plugins.
Preloading 0 native plugins for Editor in 0.00 ms.
Unloading 3716 Unused Serialized files (Serialized files now loaded: 0)
Unloading 20 unused Assets / (58.0 KB). Loaded Objects now: 4222.
Memory consumption went from 123.8 MB to 123.8 MB.
Total: 6.308003 ms (FindLiveObjects: 0.364527 ms CreateObjectMapping: 0.338241 ms MarkObjects: 5.315503 ms  DeleteObjects: 0.286910 ms)

AssetImportParameters requested are different than current active one (requested -> active):
  custom:video-decoder-ogg-theora: a1e56fd34408186e4bbccfd4996cb3dc -> 
  custom:container-muxer-webm: aa71ff27fc2769a1b78a27578f13a17b -> 
  custom:container-demuxer-webm: 4f35f7cbe854078d1ac9338744f61a02 -> 
  custom:video-encoder-webm-vp8: eb34c28f22e8b96e1ab97ce403110664 -> 
  custom:audio-encoder-webm-vorbis: bf7c407c2cedff20999df2af8eb42d56 -> 
  custom:container-demuxer-ogg: 62fdf1f143b41e24485cea50d1cbac27 -> 
  custom:video-decoder-webm-vp8: 9c59270c3fd7afecdb556c50c9e8de78 -> 
  custom:audio-decoder-ogg-vorbis: bf7c407c2cedff20999df2af8eb42d56 -> 
========================================================================
Received Import Request.
  Time since last request: 100.954853 seconds.
  path: Assets/imageTracking.cs
  artifactKey: Guid(d97c40afadc58ff6e8a87392401405ad) Importer(815301076,1909f56bfc062723c751e8b465ee728b)
Start importing Assets/imageTracking.cs using Guid(d97c40afadc58ff6e8a87392401405ad) Importer(815301076,1909f56bfc062723c751e8b465ee728b)  -> (artifact id: '000251c9135b3fd628aaeb265d1d7a64') in 0.010595 seconds 
========================================================================
Received Prepare
Registering precompiled user dll's ...
Registered in 0.012391 seconds.
Begin MonoManager ReloadAssembly
Symbol file LoadedFromMemory doesn't match image /home/mau/New project/Library/PackageCache/com.unity.visualscripting@1.7.8/Editor/VisualScripting.Core/Dependencies/YamlDotNet/Unity.VisualScripting.YamlDotNet.dll
Symbol file LoadedFromMemory doesn't match image /home/mau/New project/Library/PackageCache/com.unity.visualscripting@1.7.8/Editor/VisualScripting.Core/Dependencies/DotNetZip/Unity.VisualScripting.IonicZip.dll
Native extension for LinuxStandalone target not found
Native extension for Android target not found
Native extension for WebGL target not found
Refreshing native plugins compatible for Editor in 1.18 ms, found 0 plugins.
Preloading 0 native plugins for Editor in 0.00 ms.
Mono: successfully reloaded assembly
- Completed reload, in  2.289 seconds
Domain Reload Profiling:
	ReloadAssembly (2290ms)
		BeginReloadAssembly (277ms)
			ExecutionOrderSort (0ms)
			DisableScriptedObjects (15ms)
			BackupInstance (0ms)
			ReleaseScriptingObjects (0ms)
			CreateAndSetChildDomain (90ms)
		EndReloadAssembly (1688ms)
			LoadAssemblies (144ms)
			RebuildTransferFunctionScriptingTraits (0ms)
			SetupTypeCache (591ms)
			ReleaseScriptCaches (2ms)
			RebuildScriptCaches (81ms)
			SetupLoadedEditorAssemblies (729ms)
				LogAssemblyErrors (0ms)
				InitializePlatformSupportModulesInManaged (66ms)
				SetLoadedEditorAssemblies (2ms)
				RefreshPlugins (1ms)
				BeforeProcessingInitializeOnLoad (189ms)
				ProcessInitializeOnLoadAttributes (411ms)
				ProcessInitializeOnLoadMethodAttributes (43ms)
				AfterProcessingInitializeOnLoad (18ms)
				EditorAssembliesLoaded (0ms)
			ExecutionOrderSort2 (0ms)
			AwakeInstancesAfterBackupRestoration (7ms)
Platform modules already initialized, skipping
Refreshing native plugins compatible for Editor in 2.71 ms, found 0 plugins.
Preloading 0 native plugins for Editor in 0.00 ms.
Unloading 3715 Unused Serialized files (Serialized files now loaded: 0)
Unloading 21 unused Assets / (58.1 KB). Loaded Objects now: 4225.
Memory consumption went from 123.8 MB to 123.8 MB.
Total: 6.152144 ms (FindLiveObjects: 0.387135 ms CreateObjectMapping: 0.284171 ms MarkObjects: 5.230694 ms  DeleteObjects: 0.248166 ms)

AssetImportParameters requested are different than current active one (requested -> active):
  custom:video-decoder-ogg-theora: a1e56fd34408186e4bbccfd4996cb3dc -> 
  custom:container-muxer-webm: aa71ff27fc2769a1b78a27578f13a17b -> 
  custom:container-demuxer-webm: 4f35f7cbe854078d1ac9338744f61a02 -> 
  custom:video-encoder-webm-vp8: eb34c28f22e8b96e1ab97ce403110664 -> 
  custom:audio-encoder-webm-vorbis: bf7c407c2cedff20999df2af8eb42d56 -> 
  custom:container-demuxer-ogg: 62fdf1f143b41e24485cea50d1cbac27 -> 
  custom:video-decoder-webm-vp8: 9c59270c3fd7afecdb556c50c9e8de78 -> 
  custom:audio-decoder-ogg-vorbis: bf7c407c2cedff20999df2af8eb42d56 -> 
========================================================================
Received Import Request.
  Time since last request: 93.583623 seconds.
  path: Assets/ImageTrackingRecognition.cs
  artifactKey: Guid(f2f4ccfe50d1fde3d8b9155a4487015d) Importer(815301076,1909f56bfc062723c751e8b465ee728b)
Start importing Assets/ImageTrackingRecognition.cs using Guid(f2f4ccfe50d1fde3d8b9155a4487015d) Importer(815301076,1909f56bfc062723c751e8b465ee728b)  -> (artifact id: '4873c42947841f58c10896d39584a8ef') in 0.013502 seconds 
========================================================================
Received Prepare
Registering precompiled user dll's ...
Registered in 0.011359 seconds.
Begin MonoManager ReloadAssembly
Symbol file LoadedFromMemory doesn't match image /home/mau/New project/Library/PackageCache/com.unity.visualscripting@1.7.8/Editor/VisualScripting.Core/Dependencies/YamlDotNet/Unity.VisualScripting.YamlDotNet.dll
Symbol file LoadedFromMemory doesn't match image /home/mau/New project/Library/PackageCache/com.unity.visualscripting@1.7.8/Editor/VisualScripting.Core/Dependencies/DotNetZip/Unity.VisualScripting.IonicZip.dll
Native extension for LinuxStandalone target not found
Native extension for Android target not found
Native extension for WebGL target not found
Refreshing native plugins compatible for Editor in 1.57 ms, found 0 plugins.
Preloading 0 native plugins for Editor in 0.00 ms.
Mono: successfully reloaded assembly
- Completed reload, in  2.439 seconds
Domain Reload Profiling:
	ReloadAssembly (2440ms)
		BeginReloadAssembly (233ms)
			ExecutionOrderSort (0ms)
			DisableScriptedObjects (10ms)
			BackupInstance (0ms)
			ReleaseScriptingObjects (0ms)
			CreateAndSetChildDomain (65ms)
		EndReloadAssembly (1895ms)
			LoadAssemblies (136ms)
			RebuildTransferFunctionScriptingTraits (0ms)
			SetupTypeCache (772ms)
			ReleaseScriptCaches (2ms)
			RebuildScriptCaches (110ms)
			SetupLoadedEditorAssemblies (772ms)
				LogAssemblyErrors (0ms)
				InitializePlatformSupportModulesInManaged (44ms)
				SetLoadedEditorAssemblies (2ms)
				RefreshPlugins (2ms)
				BeforeProcessingInitializeOnLoad (151ms)
				ProcessInitializeOnLoadAttributes (499ms)
				ProcessInitializeOnLoadMethodAttributes (57ms)
				AfterProcessingInitializeOnLoad (18ms)
				EditorAssembliesLoaded (0ms)
			ExecutionOrderSort2 (0ms)
			AwakeInstancesAfterBackupRestoration (7ms)
Platform modules already initialized, skipping
Refreshing native plugins compatible for Editor in 3.93 ms, found 0 plugins.
Preloading 0 native plugins for Editor in 0.00 ms.
Unloading 3716 Unused Serialized files (Serialized files now loaded: 0)
Unloading 20 unused Assets / (58.0 KB). Loaded Objects now: 4230.
Memory consumption went from 123.8 MB to 123.8 MB.
Total: 8.923169 ms (FindLiveObjects: 0.441281 ms CreateObjectMapping: 0.364051 ms MarkObjects: 7.415648 ms  DeleteObjects: 0.700103 ms)

AssetImportParameters requested are different than current active one (requested -> active):
  custom:video-decoder-ogg-theora: a1e56fd34408186e4bbccfd4996cb3dc -> 
  custom:container-muxer-webm: aa71ff27fc2769a1b78a27578f13a17b -> 
  custom:container-demuxer-webm: 4f35f7cbe854078d1ac9338744f61a02 -> 
  custom:video-encoder-webm-vp8: eb34c28f22e8b96e1ab97ce403110664 -> 
  custom:audio-encoder-webm-vorbis: bf7c407c2cedff20999df2af8eb42d56 -> 
  custom:container-demuxer-ogg: 62fdf1f143b41e24485cea50d1cbac27 -> 
  custom:video-decoder-webm-vp8: 9c59270c3fd7afecdb556c50c9e8de78 -> 
  custom:audio-decoder-ogg-vorbis: bf7c407c2cedff20999df2af8eb42d56 -> 
========================================================================
Received Prepare
Registering precompiled user dll's ...
Registered in 0.009846 seconds.
Begin MonoManager ReloadAssembly
Symbol file LoadedFromMemory doesn't match image /home/mau/New project/Library/PackageCache/com.unity.visualscripting@1.7.8/Editor/VisualScripting.Core/Dependencies/YamlDotNet/Unity.VisualScripting.YamlDotNet.dll
Symbol file LoadedFromMemory doesn't match image /home/mau/New project/Library/PackageCache/com.unity.visualscripting@1.7.8/Editor/VisualScripting.Core/Dependencies/DotNetZip/Unity.VisualScripting.IonicZip.dll
Native extension for LinuxStandalone target not found
Native extension for Android target not found
Native extension for WebGL target not found
Refreshing native plugins compatible for Editor in 0.89 ms, found 0 plugins.
Preloading 0 native plugins for Editor in 0.00 ms.
Mono: successfully reloaded assembly
- Completed reload, in  1.920 seconds
Domain Reload Profiling:
	ReloadAssembly (1921ms)
		BeginReloadAssembly (221ms)
			ExecutionOrderSort (0ms)
			DisableScriptedObjects (9ms)
			BackupInstance (0ms)
			ReleaseScriptingObjects (0ms)
			CreateAndSetChildDomain (61ms)
		EndReloadAssembly (1459ms)
			LoadAssemblies (121ms)
			RebuildTransferFunctionScriptingTraits (0ms)
			SetupTypeCache (520ms)
			ReleaseScriptCaches (2ms)
			RebuildScriptCaches (80ms)
			SetupLoadedEditorAssemblies (647ms)
				LogAssemblyErrors (0ms)
				InitializePlatformSupportModulesInManaged (42ms)
				SetLoadedEditorAssemblies (1ms)
				RefreshPlugins (1ms)
				BeforeProcessingInitializeOnLoad (129ms)
				ProcessInitializeOnLoadAttributes (412ms)
				ProcessInitializeOnLoadMethodAttributes (44ms)
				AfterProcessingInitializeOnLoad (18ms)
				EditorAssembliesLoaded (0ms)
			ExecutionOrderSort2 (0ms)
			AwakeInstancesAfterBackupRestoration (10ms)
Platform modules already initialized, skipping
Refreshing native plugins compatible for Editor in 2.68 ms, found 0 plugins.
Preloading 0 native plugins for Editor in 0.00 ms.
Unloading 3716 Unused Serialized files (Serialized files now loaded: 0)
Unloading 20 unused Assets / (58.0 KB). Loaded Objects now: 4234.
Memory consumption went from 123.8 MB to 123.8 MB.
Total: 6.287190 ms (FindLiveObjects: 0.370182 ms CreateObjectMapping: 0.274051 ms MarkObjects: 5.209467 ms  DeleteObjects: 0.431392 ms)

AssetImportParameters requested are different than current active one (requested -> active):
  custom:video-decoder-ogg-theora: a1e56fd34408186e4bbccfd4996cb3dc -> 
  custom:container-muxer-webm: aa71ff27fc2769a1b78a27578f13a17b -> 
  custom:container-demuxer-webm: 4f35f7cbe854078d1ac9338744f61a02 -> 
  custom:video-encoder-webm-vp8: eb34c28f22e8b96e1ab97ce403110664 -> 
  custom:audio-encoder-webm-vorbis: bf7c407c2cedff20999df2af8eb42d56 -> 
  custom:container-demuxer-ogg: 62fdf1f143b41e24485cea50d1cbac27 -> 
  custom:video-decoder-webm-vp8: 9c59270c3fd7afecdb556c50c9e8de78 -> 
  custom:audio-decoder-ogg-vorbis: bf7c407c2cedff20999df2af8eb42d56 -> 
========================================================================
Received Import Request.
  Time since last request: 25.678001 seconds.
  path: Assets/ImageTrackingRecognition.cs
  artifactKey: Guid(f2f4ccfe50d1fde3d8b9155a4487015d) Importer(815301076,1909f56bfc062723c751e8b465ee728b)
Start importing Assets/ImageTrackingRecognition.cs using Guid(f2f4ccfe50d1fde3d8b9155a4487015d) Importer(815301076,1909f56bfc062723c751e8b465ee728b)  -> (artifact id: '00b29658c7f0d4ec66be9834a721ee1c') in 0.009856 seconds 
========================================================================
Received Prepare
Registering precompiled user dll's ...
Registered in 0.012844 seconds.
Begin MonoManager ReloadAssembly
Symbol file LoadedFromMemory doesn't match image /home/mau/New project/Library/PackageCache/com.unity.visualscripting@1.7.8/Editor/VisualScripting.Core/Dependencies/YamlDotNet/Unity.VisualScripting.YamlDotNet.dll
Symbol file LoadedFromMemory doesn't match image /home/mau/New project/Library/PackageCache/com.unity.visualscripting@1.7.8/Editor/VisualScripting.Core/Dependencies/DotNetZip/Unity.VisualScripting.IonicZip.dll
Native extension for LinuxStandalone target not found
Native extension for Android target not found
Native extension for WebGL target not found
Refreshing native plugins compatible for Editor in 0.89 ms, found 0 plugins.
Preloading 0 native plugins for Editor in 0.00 ms.
Mono: successfully reloaded assembly
- Completed reload, in  2.593 seconds
Domain Reload Profiling:
	ReloadAssembly (2595ms)
		BeginReloadAssembly (268ms)
			ExecutionOrderSort (0ms)
			DisableScriptedObjects (14ms)
			BackupInstance (0ms)
			ReleaseScriptingObjects (0ms)
			CreateAndSetChildDomain (83ms)
		EndReloadAssembly (2016ms)
			LoadAssemblies (139ms)
			RebuildTransferFunctionScriptingTraits (0ms)
			SetupTypeCache (705ms)
			ReleaseScriptCaches (2ms)
			RebuildScriptCaches (98ms)
			SetupLoadedEditorAssemblies (949ms)
				LogAssemblyErrors (0ms)
				InitializePlatformSupportModulesInManaged (43ms)
				SetLoadedEditorAssemblies (1ms)
				RefreshPlugins (1ms)
				BeforeProcessingInitializeOnLoad (217ms)
				ProcessInitializeOnLoadAttributes (613ms)
				ProcessInitializeOnLoadMethodAttributes (53ms)
				AfterProcessingInitializeOnLoad (21ms)
				EditorAssembliesLoaded (0ms)
			ExecutionOrderSort2 (0ms)
			AwakeInstancesAfterBackupRestoration (10ms)
Platform modules already initialized, skipping
Refreshing native plugins compatible for Editor in 3.13 ms, found 0 plugins.
Preloading 0 native plugins for Editor in 0.00 ms.
Unloading 3716 Unused Serialized files (Serialized files now loaded: 0)
Unloading 20 unused Assets / (58.0 KB). Loaded Objects now: 4238.
Memory consumption went from 123.9 MB to 123.8 MB.
Total: 6.720172 ms (FindLiveObjects: 0.364424 ms CreateObjectMapping: 0.283694 ms MarkObjects: 5.427420 ms  DeleteObjects: 0.642722 ms)

AssetImportParameters requested are different than current active one (requested -> active):
  custom:video-decoder-ogg-theora: a1e56fd34408186e4bbccfd4996cb3dc -> 
  custom:container-muxer-webm: aa71ff27fc2769a1b78a27578f13a17b -> 
  custom:container-demuxer-webm: 4f35f7cbe854078d1ac9338744f61a02 -> 
  custom:video-encoder-webm-vp8: eb34c28f22e8b96e1ab97ce403110664 -> 
  custom:audio-encoder-webm-vorbis: bf7c407c2cedff20999df2af8eb42d56 -> 
  custom:container-demuxer-ogg: 62fdf1f143b41e24485cea50d1cbac27 -> 
  custom:video-decoder-webm-vp8: 9c59270c3fd7afecdb556c50c9e8de78 -> 
  custom:audio-decoder-ogg-vorbis: bf7c407c2cedff20999df2af8eb42d56 -> 
========================================================================
Received Import Request.
  Time since last request: 450.606718 seconds.
  path: Assets/ImageTrackingRecognition.cs
  artifactKey: Guid(f2f4ccfe50d1fde3d8b9155a4487015d) Importer(815301076,1909f56bfc062723c751e8b465ee728b)
Start importing Assets/ImageTrackingRecognition.cs using Guid(f2f4ccfe50d1fde3d8b9155a4487015d) Importer(815301076,1909f56bfc062723c751e8b465ee728b)  -> (artifact id: '92a233c086284fa44c00be347ae50524') in 0.010145 seconds 
========================================================================
Received Prepare
Refreshing native plugins compatible for Editor in 11.07 ms, found 0 plugins.
Preloading 0 native plugins for Editor in 0.00 ms.
Unloading 20 Unused Serialized files (Serialized files now loaded: 0)
Unloading 20 unused Assets / (57.9 KB). Loaded Objects now: 4238.
Memory consumption went from 49.3 MB to 49.3 MB.
Total: 10.065121 ms (FindLiveObjects: 0.512797 ms CreateObjectMapping: 0.412621 ms MarkObjects: 8.951717 ms  DeleteObjects: 0.185577 ms)

AssetImportParameters requested are different than current active one (requested -> active):
  custom:video-decoder-ogg-theora: a1e56fd34408186e4bbccfd4996cb3dc -> 
  custom:container-muxer-webm: aa71ff27fc2769a1b78a27578f13a17b -> 
  custom:container-demuxer-webm: 4f35f7cbe854078d1ac9338744f61a02 -> 
  custom:video-encoder-webm-vp8: eb34c28f22e8b96e1ab97ce403110664 -> 
  custom:audio-encoder-webm-vorbis: bf7c407c2cedff20999df2af8eb42d56 -> 
  custom:container-demuxer-ogg: 62fdf1f143b41e24485cea50d1cbac27 -> 
  custom:video-decoder-webm-vp8: 9c59270c3fd7afecdb556c50c9e8de78 -> 
  custom:audio-decoder-ogg-vorbis: bf7c407c2cedff20999df2af8eb42d56 -> 
